<?xml version="1.0" encoding="UTF-8"?>
<testng-results skipped="0" failed="0" ignored="0" total="1" passed="1">
  <reporter-output>
  </reporter-output>
  <suite name="Suite" duration-ms="95" started-at="2019-10-11T16:38:17 IST" finished-at="2019-10-11T16:38:17 IST">
    <groups>
    </groups>
    <test name="Test" duration-ms="95" started-at="2019-10-11T16:38:17 IST" finished-at="2019-10-11T16:38:17 IST">
      <class name="com.test.pack.Testclass">
        <test-method status="PASS" signature="test()[pri:0, instance:com.test.pack.Testclass@31610302]" name="test" duration-ms="24" started-at="2019-10-11T16:38:17 IST" finished-at="2019-10-11T16:38:17 IST">
          <reporter-output>
          </reporter-output>
        </test-method> <!-- test -->
      </class> <!-- com.test.pack.Testclass -->
    </test> <!-- Test -->
  </suite> <!-- Suite -->
</testng-results>
